<?xml version="1.0" encoding="UTF-8"?>
<!-- Generated by org.testng.reporters.JUnitXMLReporter -->
<testsuite ignored="4" hostname="Automation_JAVA" failures="1" tests="3" name="Test" time="46.581" errors="0" timestamp="2024-12-14T13:35:22 IST">
  <testcase classname="testCaseRepo.TC_003" name="ORG_002" time="8.606"/>
  <testcase classname="testCaseRepo.TC_002" name="CON_001" time="6.676"/>
  <testcase classname="testCaseRepo.TC_001" name="CON_00" time="3.294">
    <failure type="java.lang.AssertionError" message="null">
      <![CDATA[java.lang.AssertionError: null
at testCaseRepo.TC_001.CON_00(TC_001.java:22)
at java.base/java.util.ArrayList.forEach(ArrayList.java:1597)
... Removed 27 stack frames]]>
    </failure>
  </testcase> <!-- CON_00 -->
  <testcase classname="genericUtility.BaseClass" name="@AfterSuite closeDBConnection" time="0.0">
    <ignored/>
  </testcase> <!-- @AfterSuite closeDBConnection -->
  <testcase classname="genericUtility.BaseClass" name="@AfterSuite closeDBConnection" time="0.0">
    <ignored/>
  </testcase> <!-- @AfterSuite closeDBConnection -->
  <testcase classname="genericUtility.BaseClass" name="@BeforeSuite dbCoonectivity" time="0.0">
    <ignored/>
  </testcase> <!-- @BeforeSuite dbCoonectivity -->
  <testcase classname="genericUtility.BaseClass" name="@BeforeSuite dbCoonectivity" time="0.0">
    <ignored/>
  </testcase> <!-- @BeforeSuite dbCoonectivity -->
</testsuite> <!-- Test -->
